{
    "mainTitle": "The Daily Signal",
    "mainDescription": "Policy News, Conservative Analysis and Opinion",
    "sub": [
        {
            "subTitle": "Hillsdale College President Explains Why Campus Will Be Open This Fall",
            "subLink": "",
            "subComment": "https://www.dailysignal.com/2020/05/29/hillsdale-college-president-explains-why-campus-will-be-open-this-fall/#respond",
            "subDescription": "Hillsdale College will be one of the only colleges, if not the only college, this year planning to hold an in-person commencement ceremony for its... Read More\nThe post Hillsdale College President Explains Why Campus Will Be Open This Fall appeared first on The Daily Signal.\n]]>"
        },
        {
            "subTitle": "In Georgia, 6 Owners of Small Businesses Eye Coming Back From COVID-19",
            "subLink": "",
            "subComment": "https://www.dailysignal.com/2020/05/28/in-georgia-6-owners-of-small-businesses-eye-coming-back-from-covid-19/#respond",
            "subDescription": "Georgia Gov. Brian Kemp reopened much of his state’s economy more than a month ago, making Georgia one of the first states to begin to... Read More\nThe post In Georgia, 6 Owners of Small Businesses Eye Coming Back From COVID-19 appeared first on The Daily Signal.\n]]>"
        },
        {
            "subTitle": "Canada OKs Huawei Exec’s Extradition to US to Face Bank Fraud Charges",
            "subLink": "",
            "subComment": "https://www.dailysignal.com/2020/05/28/canada-oks-huawei-execs-extradition-to-us-to-face-bank-fraud-charges/#respond",
            "subDescription": "Canadian courts on May 27 cleared the first hurdle for the transfer of Meng Wanzhou, the chief financial officer of Huawei, to the United States.... Read More\nThe post Canada OKs Huawei Exec’s Extradition to US to Face Bank Fraud Charges appeared first on The Daily Signal.\n]]>"
        },
        {
            "subTitle": "How Big Abortion Has Circumnavigated State Restrictions Amid COVID-19",
            "subLink": "",
            "subComment": "https://www.dailysignal.com/2020/05/28/how-big-abortion-has-circumnavigated-state-restrictions-amid-covid-19/#respond",
            "subDescription": "If there were a fire in your house, what would you save? It’s a timeless question, and one that’s been relevant in the COVID-19 pandemic.... Read More\nThe post How Big Abortion Has Circumnavigated State Restrictions Amid COVID-19 appeared first on The Daily Signal.\n]]>"
        },
        {
            "subTitle": "In History of Congress, House Democrats’ New Proxy Voting Is Radical",
            "subLink": "",
            "subComment": "https://www.dailysignal.com/2020/05/28/in-the-history-of-the-us-congress-house-democrats-new-proxy-voting-is-radical/#respond",
            "subDescription": "We have been reminded in this time of pandemic that necessity is the mother of invention. People have modified many regular activities. They’ve gone to... Read More\nThe post In History of Congress, House Democrats’ New Proxy Voting Is Radical appeared first on The Daily Signal.\n]]>"
        },
        {
            "subTitle": "There’s Plenty of Blame to Go Around for COVID-19 Pandemic",
            "subLink": "",
            "subComment": "https://www.dailysignal.com/2020/05/28/theres-plenty-of-blame-to-go-around-for-covid-19-pandemic/#respond",
            "subDescription": "The big coronavirus debate is between blaming President Donald Trump and blaming China for the pandemic. The usual suspects are lined up on each side.... Read More\nThe post There’s Plenty of Blame to Go Around for COVID-19 Pandemic appeared first on The Daily Signal.\n]]>"
        },
        {
            "subTitle": "Church Attendance Essential to America’s Greatness",
            "subLink": "",
            "subComment": "https://www.dailysignal.com/2020/05/28/church-attendance-essential-to-americas-greatness/#respond",
            "subDescription": "President Donald Trump stepped up to declare houses of worship “essential places that provide essential services” to the American people. “The governors need to do... Read More\nThe post Church Attendance Essential to America’s Greatness appeared first on The Daily Signal.\n]]>"
        },
        {
            "subTitle": "Attorney General Appoints Federal Prosecutor to Review ‘Unmasking’ of Trump Associates",
            "subLink": "",
            "subComment": "https://www.dailysignal.com/2020/05/28/ag-barr-appoints-federal-prosecutor-to-review-obama-admin-unmasking-of-trump-associates/#respond",
            "subDescription": "Attorney General William Barr appointed a federal prosecutor to review so-called unmasking requests that Obama administration officials submitted against Trump associates, a spokeswoman for the... Read More\nThe post Attorney General Appoints Federal Prosecutor to Review ‘Unmasking’ of Trump Associates appeared first on The Daily Signal.\n]]>"
        },
        {
            "subTitle": "Pompeo’s Hong Kong Declaration Shows US Will Hold Chinese Communist Party Accountable",
            "subLink": "",
            "subComment": "https://www.dailysignal.com/2020/05/28/pompeos-hong-kong-declaration-shows-us-will-hold-chinese-communist-party-accountable/#comments",
            "subDescription": "Secretary of State Mike Pompeo has told Congress that Hong Kong is no longer sufficiently autonomous from the People’s Republic of China, which may mean it will... Read More\nThe post Pompeo’s Hong Kong Declaration Shows US Will Hold Chinese Communist Party Accountable appeared first on The Daily Signal.\n]]>"
        },
        {
            "subTitle": "Problematic Women: A Woman’s Story of Unwittingly Furthering the Sexual Revolution",
            "subLink": "",
            "subComment": "https://www.dailysignal.com/2020/05/28/problematic-women-a-womans-story-of-unwittingly-furthering-the-sexual-revolution/#respond",
            "subDescription": "Sue Ellen Browder, author of “Subverted: How I Helped the Sexual Revolution Hijack the Women’s Movement,” was a writer for Cosmopolitan magazine during the sexual... Read More\nThe post Problematic Women: A Woman’s Story of Unwittingly Furthering the Sexual Revolution appeared first on The Daily Signal.\n]]>"
        },
        {
            "subTitle": "How Minnesota Catholics and Lutherans Teamed Up to Open Their Churches",
            "subLink": "",
            "subComment": "https://www.dailysignal.com/2020/05/28/how-minnesota-catholics-and-lutherans-teamed-up-together-to-open-their-churches/#respond",
            "subDescription": "Last week, Catholic bishops in Minnesota and Lutherans in the Lutheran Church–Missouri Synod united to go against Minnesota Gov. Tim Walz’s stringent order that only... Read More\nThe post How Minnesota Catholics and Lutherans Teamed Up to Open Their Churches appeared first on The Daily Signal.\n]]>"
        },
        {
            "subTitle": "Bid to Oust Southern Poverty Law Center as Amazon’s Charity Arbiter Defeated",
            "subLink": "",
            "subComment": "https://www.dailysignal.com/2020/05/27/bid-to-oust-southern-poverty-law-center-as-amazons-charity-arbiter-defeated/#respond",
            "subDescription": "Amazon shareholders stood by the Southern Poverty Law Center on Wednesday in defeating a resolution that would have curbed the liberal activist group’s power to... Read More\nThe post Bid to Oust Southern Poverty Law Center as Amazon’s Charity Arbiter Defeated appeared first on The Daily Signal.\n]]>"
        },
        {
            "subTitle": "The Unacceptably Unjust Death of George Floyd",
            "subLink": "",
            "subComment": "https://www.dailysignal.com/2020/05/27/the-unacceptably-unjust-death-of-george-floyd/#respond",
            "subDescription": "The tragic death of George Floyd at the hands of a Minneapolis police officer has circulated all over social media in the past two days.... Read More\nThe post The Unacceptably Unjust Death of George Floyd appeared first on The Daily Signal.\n]]>"
        },
        {
            "subTitle": "Sens. Cruz, Lee Outline How US Should Move Forward After COVID-19 Crisis",
            "subLink": "",
            "subComment": "https://www.dailysignal.com/2020/05/27/sens-cruz-lee-outline-how-us-should-move-forward-after-covid-19-crisis/#comments",
            "subDescription": "Taking a fresh look at deregulation and at “decoupling” the U.S. from China economically will be key for renewed job growth after the COVID-19 crisis... Read More\nThe post Sens. Cruz, Lee Outline How US Should Move Forward After COVID-19 Crisis appeared first on The Daily Signal.\n]]>"
        },
        {
            "subTitle": "Twitter Uses Fact-Checking as a Weapon Against Trump",
            "subLink": "",
            "subComment": "https://www.dailysignal.com/2020/05/27/twitter-uses-fact-checking-as-a-weapon-against-trump/#respond",
            "subDescription": "Fact-checking sounds innocuous enough. After all, as the late Senate Democrat Patrick Moynihan reportedly once said, “Everyone is entitled to his own opinion, but not... Read More\nThe post Twitter Uses Fact-Checking as a Weapon Against Trump appeared first on The Daily Signal.\n]]>"
        },
        {
            "subTitle": "Twitter Official Overseeing Misinformation Efforts Is Anti-Trump Partisan Who Donated to Planned Parenthood",
            "subLink": "",
            "subComment": "https://www.dailysignal.com/2020/05/27/twitter-official-overseeing-misinformation-efforts-is-anti-trump-partisan-who-donated-to-planned-parenthood/#respond",
            "subDescription": "The Twitter official overseeing the tech company’s efforts to combat misinformation is a left-wing partisan who in the past has derided President Donald Trump as... Read More\nThe post Twitter Official Overseeing Misinformation Efforts Is Anti-Trump Partisan Who Donated to Planned Parenthood appeared first on The Daily Signal.\n]]>"
        },
        {
            "subTitle": "School Districts Owe Taxpaying Parents a COVID-19 Refund",
            "subLink": "",
            "subComment": "https://www.dailysignal.com/2020/05/27/school-districts-owe-taxpaying-parents-a-covid-19-refund/#respond",
            "subDescription": "When elementary and secondary schools began closing in March due to the coronavirus pandemic, most parents assumed they would reopen in a matter of weeks.... Read More\nThe post School Districts Owe Taxpaying Parents a COVID-19 Refund appeared first on The Daily Signal.\n]]>"
        },
        {
            "subTitle": "Why We Need to Reemphasize America’s Founding Principles in Civics Education",
            "subLink": "",
            "subComment": "https://www.dailysignal.com/2020/05/27/why-we-need-to-reemphasize-americas-founding-principles-in-civics-education/#respond",
            "subDescription": "We have a serious problem in this country with civics education and history. Not only are there widespread efforts to undermine the country’s founding principles,... Read More\nThe post Why We Need to Reemphasize America’s Founding Principles in Civics Education appeared first on The Daily Signal.\n]]>"
        },
        {
            "subTitle": "Why Beating COVID-19 Will Require Strong Public-Private Partnership",
            "subLink": "",
            "subComment": "https://www.dailysignal.com/2020/05/27/why-beating-covid-19-will-require-strong-public-private-partnership/#respond",
            "subDescription": "Leading biopharmaceutical research and development companies, in the United States and in other countries, are working nonstop to develop a vaccine to combat the COVID-19... Read More\nThe post Why Beating COVID-19 Will Require Strong Public-Private Partnership appeared first on The Daily Signal.\n]]>"
        },
        {
            "subTitle": "The Lockdown, Evangelicals, and the Afterlife",
            "subLink": "",
            "subComment": "https://www.dailysignal.com/2020/05/27/the-lockdown-evangelicals-and-the-afterlife/#respond",
            "subDescription": "Harvard professor of psychology Steven Pinker tweeted last week: Belief in an afterlife is a malignant delusion, since it devalues actual lives and discourages action... Read More\nThe post The Lockdown, Evangelicals, and the Afterlife appeared first on The Daily Signal.\n]]>"
        },
        {
            "subTitle": "Trump Aims to Power Post-COVID-19 Economic Recovery With Regulatory Relief",
            "subLink": "",
            "subComment": "https://www.dailysignal.com/2020/05/27/trump-aims-to-power-post-covid-19-economic-recovery-with-regulatory-relief/#respond",
            "subDescription": "To help jump-start an American economy that’s stalled because of the coronavirus, President Donald Trump is looking to an unlikely source of power: The hardworking... Read More\nThe post Trump Aims to Power Post-COVID-19 Economic Recovery With Regulatory Relief appeared first on The Daily Signal.\n]]>"
        },
        {
            "subTitle": "The End of the Rule of Law in Hong Kong? What China’s New Crackdown Could Mean",
            "subLink": "",
            "subComment": "https://www.dailysignal.com/2020/05/27/the-end-of-the-rule-of-law-in-hong-kong-what-chinas-new-crackdown-could-mean/#respond",
            "subDescription": "China is proposing a “national security” law that is sparking protests across Hong Kong. Mike Gonzalez, a senior fellow at The Heritage Foundation, joins the... Read More\nThe post The End of the Rule of Law in Hong Kong? What China’s New Crackdown Could Mean appeared first on The Daily Signal.\n]]>"
        },
        {
            "subTitle": "COVID-19 Crisis Is Giving New Power to Bureaucrats, Politicians",
            "subLink": "",
            "subComment": "https://www.dailysignal.com/2020/05/27/covid-19-crisis-is-giving-new-power-to-bureaucrats-politicians/#respond",
            "subDescription": "Is it important to have racial or sexual diversity in our fight against the COVID-19 pandemic? Heather Mac Donald suggests that some think it might... Read More\nThe post COVID-19 Crisis Is Giving New Power to Bureaucrats, Politicians appeared first on The Daily Signal.\n]]>"
        },
        {
            "subTitle": "Stopping Petty Tyrannies Is How We Beat the Serious Ones",
            "subLink": "",
            "subComment": "https://www.dailysignal.com/2020/05/26/stopping-petty-tyrannies-is-how-we-beat-the-serious-ones/#respond",
            "subDescription": "As states across the country begin the process of reopening, Americans continue to battle over the methods governors and local authorities have used to tackle... Read More\nThe post Stopping Petty Tyrannies Is How We Beat the Serious Ones appeared first on The Daily Signal.\n]]>"
        },
        {
            "subTitle": "What US Leaving Open Skies Treaty Means for US-Russia Relations",
            "subLink": "",
            "subComment": "https://www.dailysignal.com/2020/05/26/what-us-leaving-open-skies-treaty-means-for-us-russia-relations/#respond",
            "subDescription": "When making foreign policy decisions, one must be careful not to view the world prescriptively (the way we want it to be), but rather to... Read More\nThe post What US Leaving Open Skies Treaty Means for US-Russia Relations appeared first on The Daily Signal.\n]]>"
        },
        {
            "subTitle": "Market Forces Can Help Winnow Out Bad Charities as Well as Bad Businesses",
            "subLink": "",
            "subComment": "https://www.dailysignal.com/2020/05/26/market-forces-can-help-winnow-out-bad-charities-as-well-as-bad-businesses/#respond",
            "subDescription": "Business has a bad reputation in some quarters. For many, corporations are synonymous with greedy, soulless institutions that value profits over people. Are there bad... Read More\nThe post Market Forces Can Help Winnow Out Bad Charities as Well as Bad Businesses appeared first on The Daily Signal.\n]]>"
        },
        {
            "subTitle": "California Church Asks Supreme Court to Block Gavin Newsom’s Coronavirus Restrictions",
            "subLink": "",
            "subComment": "https://www.dailysignal.com/2020/05/26/california-church-asks-supreme-court-to-block-newsoms-coronavirus-restrictions/#respond",
            "subDescription": "A California church has asked the Supreme Court to block California Gov. Gavin Newsom’s restrictions on religious services. South Bay United Pentecostal Church of Chula... Read More\nThe post California Church Asks Supreme Court to Block Gavin Newsom’s Coronavirus Restrictions appeared first on The Daily Signal.\n]]>"
        },
        {
            "subTitle": "Don’t Gaslight Us on #BelieveWomen",
            "subLink": "",
            "subComment": "https://www.dailysignal.com/2020/05/26/dont-gaslight-us-on-believewomen/#respond",
            "subDescription": "Many of us were startled to open The New York Times last week and find ourselves accused of hijacking and weaponizing the phrase “believe all... Read More\nThe post Don’t Gaslight Us on #BelieveWomen appeared first on The Daily Signal.\n]]>"
        },
        {
            "subTitle": "The UN Is Using COVID-19 to Push Abortion. The US Is Rightly Pushing Back.",
            "subLink": "",
            "subComment": "https://www.dailysignal.com/2020/05/26/the-un-is-using-covid-19-to-push-abortion-the-us-is-rightly-pushing-back/#comments",
            "subDescription": "One would think that key international organizations responding to the COVID-19 pandemic would maintain a laserlike focus on the physical and economic damage it has... Read More\nThe post The UN Is Using COVID-19 to Push Abortion. The US Is Rightly Pushing Back. appeared first on The Daily Signal.\n]]>"
        },
        {
            "subTitle": "Donald Trump Is Right to Dump the Open Skies Treaty",
            "subLink": "",
            "subComment": "https://www.dailysignal.com/2020/05/26/donald-trump-is-right-to-dump-the-open-skies-treaty/#respond",
            "subDescription": "To the horror of some arms-control advocates, the Trump administration recently announced its long-considered decision to withdraw from the 1992 Treaty on Open Skies (OST). Despite the... Read More\nThe post Donald Trump Is Right to Dump the Open Skies Treaty appeared first on The Daily Signal.\n]]>"
        }
    ]
}